0 info it worked if it ends with ok
1 verbose cli [ '/usr/bin/node', '/usr/bin/npm', 'i' ]
2 info using npm@3.5.2
3 info using node@v8.10.0
4 silly loadCurrentTree Starting
5 silly install loadCurrentTree
6 silly install readLocalPackageData
7 silly install normalizeTree
8 silly loadCurrentTree Finishing
9 silly loadIdealTree Starting
10 silly install loadIdealTree
11 silly cloneCurrentTree Starting
12 silly install cloneCurrentTreeToIdealTree
13 silly cloneCurrentTree Finishing
14 silly loadShrinkwrap Starting
15 silly install loadShrinkwrap
16 silly loadShrinkwrap Finishing
17 silly loadAllDepsIntoIdealTree Starting
18 silly install loadAllDepsIntoIdealTree
19 silly fetchNamedPackageData node
20 silly mapToRegistry name node
21 silly mapToRegistry using default registry
22 silly mapToRegistry registry https://registry.npmjs.org/
23 silly mapToRegistry uri https://registry.npmjs.org/node
24 verbose request uri https://registry.npmjs.org/node
25 verbose request no auth needed
26 info attempt registry request try #1 at 4:13:46 PM
27 verbose request id 131b16c9656b99c5
28 verbose etag W/"5973d3dc29c9cf2bd43953531b3759c4"
29 verbose lastModified Sun, 08 Sep 2019 16:38:12 GMT
30 http request GET https://registry.npmjs.org/node
31 http 304 https://registry.npmjs.org/node
32 verbose headers { date: 'Tue, 17 Sep 2019 14:13:46 GMT',
32 verbose headers   connection: 'keep-alive',
32 verbose headers   'set-cookie':
32 verbose headers    [ '__cfduid=d2526c619449680df48ad76f535043a711568729626; expires=Wed, 16-Sep-20 14:13:46 GMT; path=/; domain=.npmjs.org; HttpOnly' ],
32 verbose headers   'cf-cache-status': 'HIT',
32 verbose headers   'cache-control': 'max-age=300',
32 verbose headers   'cf-ray': '517baec83b09e007-FRA',
32 verbose headers   age: '1464',
32 verbose headers   etag: '"5973d3dc29c9cf2bd43953531b3759c4"',
32 verbose headers   'expect-ct': 'max-age=604800, report-uri="https://report-uri.cloudflare.com/cdn-cgi/beacon/expect-ct"',
32 verbose headers   'last-modified': 'Sun, 08 Sep 2019 16:38:12 GMT',
32 verbose headers   vary: 'accept-encoding, accept',
32 verbose headers   'x-amz-meta-rev': '499-1ec96277265fd7ef4c5e2e165eb2de06',
32 verbose headers   server: 'cloudflare' }
33 silly get cb [ 304,
33 silly get   { date: 'Tue, 17 Sep 2019 14:13:46 GMT',
33 silly get     connection: 'keep-alive',
33 silly get     'set-cookie':
33 silly get      [ '__cfduid=d2526c619449680df48ad76f535043a711568729626; expires=Wed, 16-Sep-20 14:13:46 GMT; path=/; domain=.npmjs.org; HttpOnly' ],
33 silly get     'cf-cache-status': 'HIT',
33 silly get     'cache-control': 'max-age=300',
33 silly get     'cf-ray': '517baec83b09e007-FRA',
33 silly get     age: '1464',
33 silly get     etag: '"5973d3dc29c9cf2bd43953531b3759c4"',
33 silly get     'expect-ct': 'max-age=604800, report-uri="https://report-uri.cloudflare.com/cdn-cgi/beacon/expect-ct"',
33 silly get     'last-modified': 'Sun, 08 Sep 2019 16:38:12 GMT',
33 silly get     vary: 'accept-encoding, accept',
33 silly get     'x-amz-meta-rev': '499-1ec96277265fd7ef4c5e2e165eb2de06',
33 silly get     server: 'cloudflare' } ]
34 verbose etag https://registry.npmjs.org/node from cache
35 verbose get saving node to /home/maja_maksic/.npm/registry.npmjs.org/node/.cache.json
36 silly resolveWithNewModule node@12.10.0 checking installable status
37 silly cache add args [ 'node@^12.10.0', null ]
38 verbose cache add spec node@^12.10.0
39 silly cache add parsed spec Result {
39 silly cache add   raw: 'node@^12.10.0',
39 silly cache add   scope: null,
39 silly cache add   name: 'node',
39 silly cache add   rawSpec: '^12.10.0',
39 silly cache add   spec: '>=12.10.0 <13.0.0',
39 silly cache add   type: 'range' }
40 silly addNamed node@>=12.10.0 <13.0.0
41 verbose addNamed ">=12.10.0 <13.0.0" is a valid semver range for node
42 silly addNameRange { name: 'node', range: '>=12.10.0 <13.0.0', hasData: false }
43 silly mapToRegistry name node
44 silly mapToRegistry using default registry
45 silly mapToRegistry registry https://registry.npmjs.org/
46 silly mapToRegistry uri https://registry.npmjs.org/node
47 verbose addNameRange registry:https://registry.npmjs.org/node not in flight; fetching
48 verbose get https://registry.npmjs.org/node not expired, no request
49 silly addNameRange number 2 { name: 'node', range: '>=12.10.0 <13.0.0', hasData: true }
50 silly addNameRange versions [ 'node',
50 silly addNameRange   [ '0.0.0',
50 silly addNameRange     '0.1.14',
50 silly addNameRange     '0.1.15',
50 silly addNameRange     '0.1.16',
50 silly addNameRange     '0.1.17',
50 silly addNameRange     '0.1.18',
50 silly addNameRange     '0.1.19',
50 silly addNameRange     '0.1.20',
50 silly addNameRange     '0.1.21',
50 silly addNameRange     '0.1.22',
50 silly addNameRange     '0.1.23',
50 silly addNameRange     '0.1.24',
50 silly addNameRange     '0.1.25',
50 silly addNameRange     '0.1.26',
50 silly addNameRange     '0.1.27',
50 silly addNameRange     '0.1.28',
50 silly addNameRange     '0.1.29',
50 silly addNameRange     '0.1.30',
50 silly addNameRange     '0.1.31',
50 silly addNameRange     '0.1.32',
50 silly addNameRange     '0.1.33',
50 silly addNameRange     '0.1.90',
50 silly addNameRange     '0.1.91',
50 silly addNameRange     '0.1.92',
50 silly addNameRange     '0.1.93',
50 silly addNameRange     '0.1.94',
50 silly addNameRange     '0.1.95',
50 silly addNameRange     '0.1.96',
50 silly addNameRange     '0.1.97',
50 silly addNameRange     '0.1.98',
50 silly addNameRange     '0.1.99',
50 silly addNameRange     '0.1.100',
50 silly addNameRange     '0.1.101',
50 silly addNameRange     '0.1.102',
50 silly addNameRange     '0.1.103',
50 silly addNameRange     '0.1.104',
50 silly addNameRange     '0.2.0',
50 silly addNameRange     '0.2.1',
50 silly addNameRange     '0.2.2',
50 silly addNameRange     '0.2.3',
50 silly addNameRange     '0.2.4',
50 silly addNameRange     '0.2.5',
50 silly addNameRange     '0.2.6',
50 silly addNameRange     '0.3.0',
50 silly addNameRange     '0.3.1',
50 silly addNameRange     '0.3.2',
50 silly addNameRange     '0.3.3',
50 silly addNameRange     '0.3.4',
50 silly addNameRange     '0.3.5',
50 silly addNameRange     '0.3.6',
50 silly addNameRange     '0.3.7',
50 silly addNameRange     '0.3.8',
50 silly addNameRange     '0.4.0',
50 silly addNameRange     '0.4.1',
50 silly addNameRange     '0.4.2',
50 silly addNameRange     '0.4.3',
50 silly addNameRange     '0.4.4',
50 silly addNameRange     '0.4.5',
50 silly addNameRange     '0.4.6',
50 silly addNameRange     '0.4.7',
50 silly addNameRange     '0.4.8',
50 silly addNameRange     '0.4.9',
50 silly addNameRange     '0.4.10',
50 silly addNameRange     '0.4.11',
50 silly addNameRange     '0.4.12',
50 silly addNameRange     '0.5.0',
50 silly addNameRange     '0.5.1',
50 silly addNameRange     '0.5.2',
50 silly addNameRange     '0.5.3',
50 silly addNameRange     '0.5.4',
50 silly addNameRange     '0.5.5',
50 silly addNameRange     '0.5.6',
50 silly addNameRange     '0.5.7',
50 silly addNameRange     '0.5.8',
50 silly addNameRange     '0.5.9',
50 silly addNameRange     '0.5.10',
50 silly addNameRange     '0.6.0',
50 silly addNameRange     '0.6.1',
50 silly addNameRange     '0.6.2',
50 silly addNameRange     '0.6.3',
50 silly addNameRange     '0.6.4',
50 silly addNameRange     '0.6.5',
50 silly addNameRange     '0.6.6',
50 silly addNameRange     '0.6.7',
50 silly addNameRange     '0.6.8',
50 silly addNameRange     '0.6.9',
50 silly addNameRange     '0.6.10',
50 silly addNameRange     '0.6.11',
50 silly addNameRange     '0.6.12',
50 silly addNameRange     '0.6.13',
50 silly addNameRange     '0.6.14',
50 silly addNameRange     '0.6.15',
50 silly addNameRange     '0.6.16',
50 silly addNameRange     '0.6.17',
50 silly addNameRange     '0.6.18',
50 silly addNameRange     '0.6.19',
50 silly addNameRange     '0.6.20',
50 silly addNameRange     '0.6.21',
50 silly addNameRange     '0.7.0',
50 silly addNameRange     '0.7.1',
50 silly addNameRange     ... 357 more items ] ]
51 silly addNamed node@12.10.0
52 verbose addNamed "12.10.0" is a plain semver version for node
53 silly cache afterAdd node@12.10.0
54 verbose afterAdd /home/maja_maksic/.npm/node/12.10.0/package/package.json not in flight; writing
55 verbose afterAdd /home/maja_maksic/.npm/node/12.10.0/package/package.json written
56 silly fetchNamedPackageData node-bin-setup
57 silly mapToRegistry name node-bin-setup
58 silly mapToRegistry using default registry
59 silly mapToRegistry registry https://registry.npmjs.org/
60 silly mapToRegistry uri https://registry.npmjs.org/node-bin-setup
61 verbose request uri https://registry.npmjs.org/node-bin-setup
62 verbose request no auth needed
63 info attempt registry request try #1 at 4:13:47 PM
64 verbose etag W/"696d6ec470fda56a33885508a280edab"
65 verbose lastModified Sun, 27 May 2018 09:55:03 GMT
66 http request GET https://registry.npmjs.org/node-bin-setup
67 http 304 https://registry.npmjs.org/node-bin-setup
68 verbose headers { date: 'Tue, 17 Sep 2019 14:13:47 GMT',
68 verbose headers   connection: 'keep-alive',
68 verbose headers   'set-cookie':
68 verbose headers    [ '__cfduid=d2d95218fa841baf88ea82b1358f3c12d1568729627; expires=Wed, 16-Sep-20 14:13:47 GMT; path=/; domain=.npmjs.org; HttpOnly' ],
68 verbose headers   'cf-cache-status': 'HIT',
68 verbose headers   'cache-control': 'max-age=300',
68 verbose headers   'cf-ray': '517baeca5c3de007-FRA',
68 verbose headers   age: '1458',
68 verbose headers   etag: '"696d6ec470fda56a33885508a280edab"',
68 verbose headers   'expect-ct': 'max-age=604800, report-uri="https://report-uri.cloudflare.com/cdn-cgi/beacon/expect-ct"',
68 verbose headers   'last-modified': 'Sun, 27 May 2018 09:55:03 GMT',
68 verbose headers   vary: 'accept-encoding, accept',
68 verbose headers   server: 'cloudflare' }
69 silly get cb [ 304,
69 silly get   { date: 'Tue, 17 Sep 2019 14:13:47 GMT',
69 silly get     connection: 'keep-alive',
69 silly get     'set-cookie':
69 silly get      [ '__cfduid=d2d95218fa841baf88ea82b1358f3c12d1568729627; expires=Wed, 16-Sep-20 14:13:47 GMT; path=/; domain=.npmjs.org; HttpOnly' ],
69 silly get     'cf-cache-status': 'HIT',
69 silly get     'cache-control': 'max-age=300',
69 silly get     'cf-ray': '517baeca5c3de007-FRA',
69 silly get     age: '1458',
69 silly get     etag: '"696d6ec470fda56a33885508a280edab"',
69 silly get     'expect-ct': 'max-age=604800, report-uri="https://report-uri.cloudflare.com/cdn-cgi/beacon/expect-ct"',
69 silly get     'last-modified': 'Sun, 27 May 2018 09:55:03 GMT',
69 silly get     vary: 'accept-encoding, accept',
69 silly get     server: 'cloudflare' } ]
70 verbose etag https://registry.npmjs.org/node-bin-setup from cache
71 verbose get saving node-bin-setup to /home/maja_maksic/.npm/registry.npmjs.org/node-bin-setup/.cache.json
72 silly resolveWithNewModule node-bin-setup@1.0.6 checking installable status
73 silly cache add args [ 'node-bin-setup@^1.0.0', null ]
74 verbose cache add spec node-bin-setup@^1.0.0
75 silly cache add parsed spec Result {
75 silly cache add   raw: 'node-bin-setup@^1.0.0',
75 silly cache add   scope: null,
75 silly cache add   name: 'node-bin-setup',
75 silly cache add   rawSpec: '^1.0.0',
75 silly cache add   spec: '>=1.0.0 <2.0.0',
75 silly cache add   type: 'range' }
76 silly addNamed node-bin-setup@>=1.0.0 <2.0.0
77 verbose addNamed ">=1.0.0 <2.0.0" is a valid semver range for node-bin-setup
78 silly addNameRange { name: 'node-bin-setup',
78 silly addNameRange   range: '>=1.0.0 <2.0.0',
78 silly addNameRange   hasData: false }
79 silly mapToRegistry name node-bin-setup
80 silly mapToRegistry using default registry
81 silly mapToRegistry registry https://registry.npmjs.org/
82 silly mapToRegistry uri https://registry.npmjs.org/node-bin-setup
83 verbose addNameRange registry:https://registry.npmjs.org/node-bin-setup not in flight; fetching
84 verbose get https://registry.npmjs.org/node-bin-setup not expired, no request
85 silly addNameRange number 2 { name: 'node-bin-setup',
85 silly addNameRange   range: '>=1.0.0 <2.0.0',
85 silly addNameRange   hasData: true }
86 silly addNameRange versions [ 'node-bin-setup',
86 silly addNameRange   [ '1.0.0', '1.0.1', '1.0.2', '1.0.3', '1.0.4', '1.0.6' ] ]
87 silly addNamed node-bin-setup@1.0.6
88 verbose addNamed "1.0.6" is a plain semver version for node-bin-setup
89 silly cache afterAdd node-bin-setup@1.0.6
90 verbose afterAdd /home/maja_maksic/.npm/node-bin-setup/1.0.6/package/package.json not in flight; writing
91 verbose afterAdd /home/maja_maksic/.npm/node-bin-setup/1.0.6/package/package.json written
92 silly loadAllDepsIntoIdealTree Finishing
93 silly idealTree:prePrune onetool@1.0.0
93 silly idealTree:prePrune ├── accepts@1.3.7
93 silly idealTree:prePrune ├── array-flatten@1.1.1
93 silly idealTree:prePrune ├── axios@0.19.0
93 silly idealTree:prePrune ├── body-parser@1.19.0
93 silly idealTree:prePrune ├── buffer-writer@1.0.1
93 silly idealTree:prePrune ├── bytes@3.1.0
93 silly idealTree:prePrune ├── content-disposition@0.5.3
93 silly idealTree:prePrune ├── content-type@1.0.4
93 silly idealTree:prePrune ├── cookie-signature@1.0.6
93 silly idealTree:prePrune ├── cookie@0.4.0
93 silly idealTree:prePrune ├── debug@2.6.9
93 silly idealTree:prePrune ├── depd@1.1.2
93 silly idealTree:prePrune ├── destroy@1.0.4
93 silly idealTree:prePrune ├── ee-first@1.1.1
93 silly idealTree:prePrune ├── encodeurl@1.0.2
93 silly idealTree:prePrune ├── escape-html@1.0.3
93 silly idealTree:prePrune ├── etag@1.8.1
93 silly idealTree:prePrune ├── express@4.17.1
93 silly idealTree:prePrune ├── finalhandler@1.1.2
93 silly idealTree:prePrune ├─┬ follow-redirects@1.5.10
93 silly idealTree:prePrune │ └── debug@3.1.0
93 silly idealTree:prePrune ├── forwarded@0.1.2
93 silly idealTree:prePrune ├── fresh@0.5.2
93 silly idealTree:prePrune ├── generic-pool@2.4.3
93 silly idealTree:prePrune ├── http-errors@1.7.2
93 silly idealTree:prePrune ├── iconv-lite@0.4.24
93 silly idealTree:prePrune ├── inherits@2.0.3
93 silly idealTree:prePrune ├── ipaddr.js@1.9.0
93 silly idealTree:prePrune ├── is-buffer@2.0.3
93 silly idealTree:prePrune ├── js-string-escape@1.0.1
93 silly idealTree:prePrune ├── media-typer@0.3.0
93 silly idealTree:prePrune ├── merge-descriptors@1.0.1
93 silly idealTree:prePrune ├── methods@1.1.2
93 silly idealTree:prePrune ├── mime-db@1.40.0
93 silly idealTree:prePrune ├── mime-types@2.1.24
93 silly idealTree:prePrune ├── mime@1.6.0
93 silly idealTree:prePrune ├── ms@2.0.0
93 silly idealTree:prePrune ├── negotiator@0.6.2
93 silly idealTree:prePrune ├── node-bin-setup@1.0.6
93 silly idealTree:prePrune ├── node@12.10.0
93 silly idealTree:prePrune ├── object-assign@4.1.0
93 silly idealTree:prePrune ├── on-finished@2.3.0
93 silly idealTree:prePrune ├── packet-reader@0.3.1
93 silly idealTree:prePrune ├── parseurl@1.3.3
93 silly idealTree:prePrune ├── path-to-regexp@0.1.7
93 silly idealTree:prePrune ├── pg-connection-string@0.1.3
93 silly idealTree:prePrune ├── pg-int8@1.0.1
93 silly idealTree:prePrune ├── pg-pool@1.8.0
93 silly idealTree:prePrune ├── pg-types@1.13.0
93 silly idealTree:prePrune ├── pg@6.4.2
93 silly idealTree:prePrune ├── pgpass@1.0.2
93 silly idealTree:prePrune ├── postgres-array@1.0.3
93 silly idealTree:prePrune ├── postgres-bytea@1.0.0
93 silly idealTree:prePrune ├── postgres-date@1.0.4
93 silly idealTree:prePrune ├── postgres-interval@1.2.0
93 silly idealTree:prePrune ├── proxy-addr@2.0.5
93 silly idealTree:prePrune ├── qs@6.7.0
93 silly idealTree:prePrune ├── range-parser@1.2.1
93 silly idealTree:prePrune ├── raw-body@2.4.0
93 silly idealTree:prePrune ├── safe-buffer@5.1.2
93 silly idealTree:prePrune ├── safer-buffer@2.1.2
93 silly idealTree:prePrune ├── semver@4.3.2
93 silly idealTree:prePrune ├─┬ send@0.17.1
93 silly idealTree:prePrune │ └── ms@2.1.1
93 silly idealTree:prePrune ├── serve-static@1.14.1
93 silly idealTree:prePrune ├── setprototypeof@1.1.1
93 silly idealTree:prePrune ├── spiced-pg@1.0.0
93 silly idealTree:prePrune ├── split@1.0.1
93 silly idealTree:prePrune ├── statuses@1.5.0
93 silly idealTree:prePrune ├── through@2.3.8
93 silly idealTree:prePrune ├── toidentifier@1.0.0
93 silly idealTree:prePrune ├── type-is@1.6.18
93 silly idealTree:prePrune ├── unpipe@1.0.0
93 silly idealTree:prePrune ├── utils-merge@1.0.1
93 silly idealTree:prePrune ├── vary@1.1.2
93 silly idealTree:prePrune └── xtend@4.0.2
94 silly loadIdealTree Finishing
95 silly currentTree onetool@1.0.0
95 silly currentTree ├── accepts@1.3.7
95 silly currentTree ├── array-flatten@1.1.1
95 silly currentTree ├── axios@0.19.0
95 silly currentTree ├── body-parser@1.19.0
95 silly currentTree ├── buffer-writer@1.0.1
95 silly currentTree ├── bytes@3.1.0
95 silly currentTree ├── content-disposition@0.5.3
95 silly currentTree ├── content-type@1.0.4
95 silly currentTree ├── cookie-signature@1.0.6
95 silly currentTree ├── cookie@0.4.0
95 silly currentTree ├── debug@2.6.9
95 silly currentTree ├── depd@1.1.2
95 silly currentTree ├── destroy@1.0.4
95 silly currentTree ├── ee-first@1.1.1
95 silly currentTree ├── encodeurl@1.0.2
95 silly currentTree ├── escape-html@1.0.3
95 silly currentTree ├── etag@1.8.1
95 silly currentTree ├── express@4.17.1
95 silly currentTree ├── finalhandler@1.1.2
95 silly currentTree ├─┬ follow-redirects@1.5.10
95 silly currentTree │ └── debug@3.1.0
95 silly currentTree ├── forwarded@0.1.2
95 silly currentTree ├── fresh@0.5.2
95 silly currentTree ├── generic-pool@2.4.3
95 silly currentTree ├── http-errors@1.7.2
95 silly currentTree ├── iconv-lite@0.4.24
95 silly currentTree ├── inherits@2.0.3
95 silly currentTree ├── ipaddr.js@1.9.0
95 silly currentTree ├── is-buffer@2.0.3
95 silly currentTree ├── js-string-escape@1.0.1
95 silly currentTree ├── media-typer@0.3.0
95 silly currentTree ├── merge-descriptors@1.0.1
95 silly currentTree ├── methods@1.1.2
95 silly currentTree ├── mime-db@1.40.0
95 silly currentTree ├── mime-types@2.1.24
95 silly currentTree ├── mime@1.6.0
95 silly currentTree ├── ms@2.0.0
95 silly currentTree ├── negotiator@0.6.2
95 silly currentTree ├── object-assign@4.1.0
95 silly currentTree ├── on-finished@2.3.0
95 silly currentTree ├── packet-reader@0.3.1
95 silly currentTree ├── parseurl@1.3.3
95 silly currentTree ├── path-to-regexp@0.1.7
95 silly currentTree ├── pg-connection-string@0.1.3
95 silly currentTree ├── pg-int8@1.0.1
95 silly currentTree ├── pg-pool@1.8.0
95 silly currentTree ├── pg-types@1.13.0
95 silly currentTree ├── pg@6.4.2
95 silly currentTree ├── pgpass@1.0.2
95 silly currentTree ├── postgres-array@1.0.3
95 silly currentTree ├── postgres-bytea@1.0.0
95 silly currentTree ├── postgres-date@1.0.4
95 silly currentTree ├── postgres-interval@1.2.0
95 silly currentTree ├── proxy-addr@2.0.5
95 silly currentTree ├── qs@6.7.0
95 silly currentTree ├── range-parser@1.2.1
95 silly currentTree ├── raw-body@2.4.0
95 silly currentTree ├── safe-buffer@5.1.2
95 silly currentTree ├── safer-buffer@2.1.2
95 silly currentTree ├── semver@4.3.2
95 silly currentTree ├─┬ send@0.17.1
95 silly currentTree │ └── ms@2.1.1
95 silly currentTree ├── serve-static@1.14.1
95 silly currentTree ├── setprototypeof@1.1.1
95 silly currentTree ├── spiced-pg@1.0.0
95 silly currentTree ├── split@1.0.1
95 silly currentTree ├── statuses@1.5.0
95 silly currentTree ├── through@2.3.8
95 silly currentTree ├── toidentifier@1.0.0
95 silly currentTree ├── type-is@1.6.18
95 silly currentTree ├── unpipe@1.0.0
95 silly currentTree ├── utils-merge@1.0.1
95 silly currentTree ├── vary@1.1.2
95 silly currentTree └── xtend@4.0.2
96 silly idealTree onetool@1.0.0
96 silly idealTree ├── accepts@1.3.7
96 silly idealTree ├── array-flatten@1.1.1
96 silly idealTree ├── axios@0.19.0
96 silly idealTree ├── body-parser@1.19.0
96 silly idealTree ├── buffer-writer@1.0.1
96 silly idealTree ├── bytes@3.1.0
96 silly idealTree ├── content-disposition@0.5.3
96 silly idealTree ├── content-type@1.0.4
96 silly idealTree ├── cookie-signature@1.0.6
96 silly idealTree ├── cookie@0.4.0
96 silly idealTree ├── debug@2.6.9
96 silly idealTree ├── depd@1.1.2
96 silly idealTree ├── destroy@1.0.4
96 silly idealTree ├── ee-first@1.1.1
96 silly idealTree ├── encodeurl@1.0.2
96 silly idealTree ├── escape-html@1.0.3
96 silly idealTree ├── etag@1.8.1
96 silly idealTree ├── express@4.17.1
96 silly idealTree ├── finalhandler@1.1.2
96 silly idealTree ├─┬ follow-redirects@1.5.10
96 silly idealTree │ └── debug@3.1.0
96 silly idealTree ├── forwarded@0.1.2
96 silly idealTree ├── fresh@0.5.2
96 silly idealTree ├── generic-pool@2.4.3
96 silly idealTree ├── http-errors@1.7.2
96 silly idealTree ├── iconv-lite@0.4.24
96 silly idealTree ├── inherits@2.0.3
96 silly idealTree ├── ipaddr.js@1.9.0
96 silly idealTree ├── is-buffer@2.0.3
96 silly idealTree ├── js-string-escape@1.0.1
96 silly idealTree ├── media-typer@0.3.0
96 silly idealTree ├── merge-descriptors@1.0.1
96 silly idealTree ├── methods@1.1.2
96 silly idealTree ├── mime-db@1.40.0
96 silly idealTree ├── mime-types@2.1.24
96 silly idealTree ├── mime@1.6.0
96 silly idealTree ├── ms@2.0.0
96 silly idealTree ├── negotiator@0.6.2
96 silly idealTree ├── node-bin-setup@1.0.6
96 silly idealTree ├── node@12.10.0
96 silly idealTree ├── object-assign@4.1.0
96 silly idealTree ├── on-finished@2.3.0
96 silly idealTree ├── packet-reader@0.3.1
96 silly idealTree ├── parseurl@1.3.3
96 silly idealTree ├── path-to-regexp@0.1.7
96 silly idealTree ├── pg-connection-string@0.1.3
96 silly idealTree ├── pg-int8@1.0.1
96 silly idealTree ├── pg-pool@1.8.0
96 silly idealTree ├── pg-types@1.13.0
96 silly idealTree ├── pg@6.4.2
96 silly idealTree ├── pgpass@1.0.2
96 silly idealTree ├── postgres-array@1.0.3
96 silly idealTree ├── postgres-bytea@1.0.0
96 silly idealTree ├── postgres-date@1.0.4
96 silly idealTree ├── postgres-interval@1.2.0
96 silly idealTree ├── proxy-addr@2.0.5
96 silly idealTree ├── qs@6.7.0
96 silly idealTree ├── range-parser@1.2.1
96 silly idealTree ├── raw-body@2.4.0
96 silly idealTree ├── safe-buffer@5.1.2
96 silly idealTree ├── safer-buffer@2.1.2
96 silly idealTree ├── semver@4.3.2
96 silly idealTree ├─┬ send@0.17.1
96 silly idealTree │ └── ms@2.1.1
96 silly idealTree ├── serve-static@1.14.1
96 silly idealTree ├── setprototypeof@1.1.1
96 silly idealTree ├── spiced-pg@1.0.0
96 silly idealTree ├── split@1.0.1
96 silly idealTree ├── statuses@1.5.0
96 silly idealTree ├── through@2.3.8
96 silly idealTree ├── toidentifier@1.0.0
96 silly idealTree ├── type-is@1.6.18
96 silly idealTree ├── unpipe@1.0.0
96 silly idealTree ├── utils-merge@1.0.1
96 silly idealTree ├── vary@1.1.2
96 silly idealTree └── xtend@4.0.2
97 silly generateActionsToTake Starting
98 silly install generateActionsToTake
99 silly generateActionsToTake Finishing
100 silly diffTrees action count 6
101 silly diffTrees update body-parser@1.19.0
102 silly diffTrees add node-bin-setup@1.0.6
103 silly diffTrees update axios@0.19.0
104 silly diffTrees update express@4.17.1
105 silly diffTrees add node@12.10.0
106 silly diffTrees update spiced-pg@1.0.0
107 silly decomposeActions action count 48
108 silly decomposeActions fetch body-parser@1.19.0
109 silly decomposeActions extract body-parser@1.19.0
110 silly decomposeActions test body-parser@1.19.0
111 silly decomposeActions preinstall body-parser@1.19.0
112 silly decomposeActions build body-parser@1.19.0
113 silly decomposeActions install body-parser@1.19.0
114 silly decomposeActions postinstall body-parser@1.19.0
115 silly decomposeActions finalize body-parser@1.19.0
116 silly decomposeActions fetch node-bin-setup@1.0.6
117 silly decomposeActions extract node-bin-setup@1.0.6
118 silly decomposeActions test node-bin-setup@1.0.6
119 silly decomposeActions preinstall node-bin-setup@1.0.6
120 silly decomposeActions build node-bin-setup@1.0.6
121 silly decomposeActions install node-bin-setup@1.0.6
122 silly decomposeActions postinstall node-bin-setup@1.0.6
123 silly decomposeActions finalize node-bin-setup@1.0.6
124 silly decomposeActions fetch axios@0.19.0
125 silly decomposeActions extract axios@0.19.0
126 silly decomposeActions test axios@0.19.0
127 silly decomposeActions preinstall axios@0.19.0
128 silly decomposeActions build axios@0.19.0
129 silly decomposeActions install axios@0.19.0
130 silly decomposeActions postinstall axios@0.19.0
131 silly decomposeActions finalize axios@0.19.0
132 silly decomposeActions fetch express@4.17.1
133 silly decomposeActions extract express@4.17.1
134 silly decomposeActions test express@4.17.1
135 silly decomposeActions preinstall express@4.17.1
136 silly decomposeActions build express@4.17.1
137 silly decomposeActions install express@4.17.1
138 silly decomposeActions postinstall express@4.17.1
139 silly decomposeActions finalize express@4.17.1
140 silly decomposeActions fetch node@12.10.0
141 silly decomposeActions extract node@12.10.0
142 silly decomposeActions test node@12.10.0
143 silly decomposeActions preinstall node@12.10.0
144 silly decomposeActions build node@12.10.0
145 silly decomposeActions install node@12.10.0
146 silly decomposeActions postinstall node@12.10.0
147 silly decomposeActions finalize node@12.10.0
148 silly decomposeActions fetch spiced-pg@1.0.0
149 silly decomposeActions extract spiced-pg@1.0.0
150 silly decomposeActions test spiced-pg@1.0.0
151 silly decomposeActions preinstall spiced-pg@1.0.0
152 silly decomposeActions build spiced-pg@1.0.0
153 silly decomposeActions install spiced-pg@1.0.0
154 silly decomposeActions postinstall spiced-pg@1.0.0
155 silly decomposeActions finalize spiced-pg@1.0.0
156 silly executeActions Starting
157 silly install executeActions
158 silly doSerial global-install 0
159 silly doParallel fetch 6
160 verbose lock using /home/maja_maksic/.npm/_locks/staging-dbd4125327963a3e.lock for /mnt/c/Users/Maja/Desktop/onetool/node_modules/.staging
161 silly doParallel extract 6
162 silly extract body-parser@1.19.0
163 silly extract node-bin-setup@1.0.6
164 silly extract axios@0.19.0
165 silly extract express@4.17.1
166 silly extract node@12.10.0
167 silly extract spiced-pg@1.0.0
168 verbose unbuild node_modules/.staging/body-parser-c36fc073
169 verbose unbuild node_modules/.staging/node-bin-setup-0734e26d
170 verbose unbuild node_modules/.staging/node-9d6b48c8
171 silly gentlyRm /mnt/c/Users/Maja/Desktop/onetool/node_modules/.staging/body-parser-c36fc073 is being purged from base /mnt/c/Users/Maja/Desktop/onetool
172 verbose gentlyRm don't care about contents; nuking /mnt/c/Users/Maja/Desktop/onetool/node_modules/.staging/body-parser-c36fc073
173 verbose unbuild node_modules/.staging/express-5cf4c574
174 silly gentlyRm /mnt/c/Users/Maja/Desktop/onetool/node_modules/.staging/node-bin-setup-0734e26d is being purged from base /mnt/c/Users/Maja/Desktop/onetool
175 verbose gentlyRm don't care about contents; nuking /mnt/c/Users/Maja/Desktop/onetool/node_modules/.staging/node-bin-setup-0734e26d
176 verbose tar unpack /home/maja_maksic/.npm/body-parser/1.19.0/package.tgz
177 verbose tar unpacking to /mnt/c/Users/Maja/Desktop/onetool/node_modules/.staging/body-parser-c36fc073
178 silly gentlyRm /mnt/c/Users/Maja/Desktop/onetool/node_modules/.staging/body-parser-c36fc073 is being purged
179 verbose gentlyRm don't care about contents; nuking /mnt/c/Users/Maja/Desktop/onetool/node_modules/.staging/body-parser-c36fc073
180 silly gentlyRm /mnt/c/Users/Maja/Desktop/onetool/node_modules/.staging/node-9d6b48c8 is being purged from base /mnt/c/Users/Maja/Desktop/onetool
181 verbose gentlyRm don't care about contents; nuking /mnt/c/Users/Maja/Desktop/onetool/node_modules/.staging/node-9d6b48c8
182 verbose unbuild node_modules/.staging/axios-a8045839
183 verbose tar unpack /home/maja_maksic/.npm/node-bin-setup/1.0.6/package.tgz
184 verbose tar unpacking to /mnt/c/Users/Maja/Desktop/onetool/node_modules/.staging/node-bin-setup-0734e26d
185 silly gentlyRm /mnt/c/Users/Maja/Desktop/onetool/node_modules/.staging/node-bin-setup-0734e26d is being purged
186 verbose gentlyRm don't care about contents; nuking /mnt/c/Users/Maja/Desktop/onetool/node_modules/.staging/node-bin-setup-0734e26d
187 silly gunzTarPerm modes [ '777', '666' ]
188 verbose tar unpack /home/maja_maksic/.npm/node/12.10.0/package.tgz
189 verbose tar unpacking to /mnt/c/Users/Maja/Desktop/onetool/node_modules/.staging/node-9d6b48c8
190 silly gentlyRm /mnt/c/Users/Maja/Desktop/onetool/node_modules/.staging/node-9d6b48c8 is being purged
191 verbose gentlyRm don't care about contents; nuking /mnt/c/Users/Maja/Desktop/onetool/node_modules/.staging/node-9d6b48c8
192 silly gentlyRm /mnt/c/Users/Maja/Desktop/onetool/node_modules/.staging/express-5cf4c574 is being purged from base /mnt/c/Users/Maja/Desktop/onetool
193 verbose gentlyRm don't care about contents; nuking /mnt/c/Users/Maja/Desktop/onetool/node_modules/.staging/express-5cf4c574
194 silly gunzTarPerm modes [ '777', '666' ]
195 verbose unbuild node_modules/.staging/spiced-pg-56ab2987
196 silly gunzTarPerm modes [ '777', '666' ]
197 verbose tar unpack /home/maja_maksic/.npm/express/4.17.1/package.tgz
198 verbose tar unpacking to /mnt/c/Users/Maja/Desktop/onetool/node_modules/.staging/express-5cf4c574
199 silly gentlyRm /mnt/c/Users/Maja/Desktop/onetool/node_modules/.staging/express-5cf4c574 is being purged
200 verbose gentlyRm don't care about contents; nuking /mnt/c/Users/Maja/Desktop/onetool/node_modules/.staging/express-5cf4c574
201 silly gentlyRm /mnt/c/Users/Maja/Desktop/onetool/node_modules/.staging/axios-a8045839 is being purged from base /mnt/c/Users/Maja/Desktop/onetool
202 verbose gentlyRm don't care about contents; nuking /mnt/c/Users/Maja/Desktop/onetool/node_modules/.staging/axios-a8045839
203 silly gunzTarPerm modes [ '777', '666' ]
204 verbose tar unpack /home/maja_maksic/.npm/axios/0.19.0/package.tgz
205 verbose tar unpacking to /mnt/c/Users/Maja/Desktop/onetool/node_modules/.staging/axios-a8045839
206 silly gentlyRm /mnt/c/Users/Maja/Desktop/onetool/node_modules/.staging/axios-a8045839 is being purged
207 verbose gentlyRm don't care about contents; nuking /mnt/c/Users/Maja/Desktop/onetool/node_modules/.staging/axios-a8045839
208 silly gentlyRm /mnt/c/Users/Maja/Desktop/onetool/node_modules/.staging/spiced-pg-56ab2987 is being purged from base /mnt/c/Users/Maja/Desktop/onetool
209 verbose gentlyRm don't care about contents; nuking /mnt/c/Users/Maja/Desktop/onetool/node_modules/.staging/spiced-pg-56ab2987
210 silly gunzTarPerm modes [ '777', '666' ]
211 verbose tar unpack /home/maja_maksic/.npm/spiced-pg/1.0.0/package.tgz
212 verbose tar unpacking to /mnt/c/Users/Maja/Desktop/onetool/node_modules/.staging/spiced-pg-56ab2987
213 silly gentlyRm /mnt/c/Users/Maja/Desktop/onetool/node_modules/.staging/spiced-pg-56ab2987 is being purged
214 verbose gentlyRm don't care about contents; nuking /mnt/c/Users/Maja/Desktop/onetool/node_modules/.staging/spiced-pg-56ab2987
215 silly gunzTarPerm modes [ '777', '666' ]
216 silly gunzTarPerm extractEntry package.json
217 silly gunzTarPerm modified mode [ 'package.json', 420, 438 ]
218 silly gunzTarPerm extractEntry installArchSpecificPackage.js
219 silly gunzTarPerm modified mode [ 'installArchSpecificPackage.js', 420, 438 ]
220 silly gunzTarPerm extractEntry package.json
221 silly gunzTarPerm modified mode [ 'package.json', 420, 438 ]
222 silly gunzTarPerm extractEntry package.json
223 silly gunzTarPerm modified mode [ 'package.json', 420, 438 ]
224 silly gunzTarPerm extractEntry package.json
225 silly gunzTarPerm modified mode [ 'package.json', 420, 438 ]
226 silly gunzTarPerm extractEntry index.js
227 silly gunzTarPerm modified mode [ 'index.js', 420, 438 ]
228 silly gunzTarPerm extractEntry package.json
229 silly gunzTarPerm modified mode [ 'package.json', 420, 438 ]
230 silly gunzTarPerm extractEntry README.md
231 silly gunzTarPerm modified mode [ 'README.md', 420, 438 ]
232 silly gunzTarPerm extractEntry package.json
233 silly gunzTarPerm modified mode [ 'package.json', 420, 438 ]
234 silly gunzTarPerm extractEntry HISTORY.md
235 silly gunzTarPerm modified mode [ 'HISTORY.md', 420, 438 ]
236 silly gunzTarPerm extractEntry index.js
237 silly gunzTarPerm modified mode [ 'index.js', 420, 438 ]
238 silly gunzTarPerm extractEntry LICENSE
239 silly gunzTarPerm modified mode [ 'LICENSE', 420, 438 ]
240 silly gunzTarPerm extractEntry README.md
241 silly gunzTarPerm modified mode [ 'README.md', 420, 438 ]
242 silly gunzTarPerm extractEntry lib/read.js
243 silly gunzTarPerm modified mode [ 'lib/read.js', 420, 438 ]
244 silly gunzTarPerm extractEntry lib/types/json.js
245 silly gunzTarPerm modified mode [ 'lib/types/json.js', 420, 438 ]
246 silly gunzTarPerm extractEntry lib/types/raw.js
247 silly gunzTarPerm modified mode [ 'lib/types/raw.js', 420, 438 ]
248 silly gunzTarPerm extractEntry lib/types/text.js
249 silly gunzTarPerm modified mode [ 'lib/types/text.js', 420, 438 ]
250 silly gunzTarPerm extractEntry lib/types/urlencoded.js
251 silly gunzTarPerm modified mode [ 'lib/types/urlencoded.js', 420, 438 ]
252 silly gunzTarPerm extractEntry History.md
253 silly gunzTarPerm modified mode [ 'History.md', 420, 438 ]
254 silly gunzTarPerm extractEntry index.js
255 silly gunzTarPerm modified mode [ 'index.js', 420, 438 ]
256 silly gunzTarPerm extractEntry CHANGELOG.md
257 silly gunzTarPerm modified mode [ 'CHANGELOG.md', 420, 438 ]
258 silly gunzTarPerm extractEntry index.d.ts
259 silly gunzTarPerm modified mode [ 'index.d.ts', 420, 438 ]
260 silly gunzTarPerm extractEntry index.js
261 silly gunzTarPerm modified mode [ 'index.js', 420, 438 ]
262 silly gunzTarPerm extractEntry README.md
263 silly gunzTarPerm modified mode [ 'README.md', 420, 438 ]
264 silly gunzTarPerm extractEntry LICENSE
265 silly gunzTarPerm modified mode [ 'LICENSE', 420, 438 ]
266 silly gunzTarPerm extractEntry Readme.md
267 silly gunzTarPerm modified mode [ 'Readme.md', 420, 438 ]
268 silly gunzTarPerm extractEntry lib/application.js
269 silly gunzTarPerm modified mode [ 'lib/application.js', 420, 438 ]
270 silly gunzTarPerm extractEntry lib/express.js
271 silly gunzTarPerm modified mode [ 'lib/express.js', 420, 438 ]
272 silly gunzTarPerm extractEntry index.js
273 silly gunzTarPerm modified mode [ 'index.js', 420, 438 ]
274 silly gunzTarPerm extractEntry LICENSE
275 silly gunzTarPerm modified mode [ 'LICENSE', 420, 438 ]
276 silly gunzTarPerm extractEntry README.md
277 silly gunzTarPerm modified mode [ 'README.md', 493, 511 ]
278 silly gunzTarPerm extractEntry lib/middleware/init.js
279 silly gunzTarPerm modified mode [ 'lib/middleware/init.js', 420, 438 ]
280 silly gunzTarPerm extractEntry UPGRADE_GUIDE.md
281 silly gunzTarPerm modified mode [ 'UPGRADE_GUIDE.md', 420, 438 ]
282 silly gunzTarPerm extractEntry lib/middleware/query.js
283 silly gunzTarPerm modified mode [ 'lib/middleware/query.js', 420, 438 ]
284 silly gunzTarPerm extractEntry lib/request.js
285 silly gunzTarPerm modified mode [ 'lib/request.js', 420, 438 ]
286 silly gunzTarPerm extractEntry lib/response.js
287 silly gunzTarPerm modified mode [ 'lib/response.js', 420, 438 ]
288 silly gunzTarPerm extractEntry lib/router/index.js
289 silly gunzTarPerm modified mode [ 'lib/router/index.js', 420, 438 ]
290 silly gunzTarPerm extractEntry lib/router/layer.js
291 silly gunzTarPerm modified mode [ 'lib/router/layer.js', 420, 438 ]
292 silly gunzTarPerm extractEntry lib/router/route.js
293 silly gunzTarPerm modified mode [ 'lib/router/route.js', 420, 438 ]
294 silly gunzTarPerm extractEntry lib/utils.js
295 silly gunzTarPerm modified mode [ 'lib/utils.js', 420, 438 ]
296 silly gunzTarPerm extractEntry lib/view.js
297 silly gunzTarPerm modified mode [ 'lib/view.js', 420, 438 ]
298 silly gunzTarPerm extractEntry dist/axios.js
299 silly gunzTarPerm modified mode [ 'dist/axios.js', 420, 438 ]
300 silly gunzTarPerm extractEntry dist/axios.map
301 silly gunzTarPerm modified mode [ 'dist/axios.map', 420, 438 ]
302 silly gentlyRm /mnt/c/Users/Maja/Desktop/onetool/node_modules/.staging/node-bin-setup-0734e26d/node_modules is being purged
303 verbose gentlyRm don't care about contents; nuking /mnt/c/Users/Maja/Desktop/onetool/node_modules/.staging/node-bin-setup-0734e26d/node_modules
304 silly gunzTarPerm extractEntry dist/axios.min.js
305 silly gunzTarPerm modified mode [ 'dist/axios.min.js', 420, 438 ]
306 silly gunzTarPerm extractEntry dist/axios.min.map
307 silly gunzTarPerm modified mode [ 'dist/axios.min.map', 420, 438 ]
308 silly gentlyRm /mnt/c/Users/Maja/Desktop/onetool/node_modules/.staging/node-9d6b48c8/node_modules is being purged
309 verbose gentlyRm don't care about contents; nuking /mnt/c/Users/Maja/Desktop/onetool/node_modules/.staging/node-9d6b48c8/node_modules
310 silly gunzTarPerm extractEntry lib/adapters/http.js
311 silly gunzTarPerm modified mode [ 'lib/adapters/http.js', 493, 511 ]
312 silly gentlyRm /mnt/c/Users/Maja/Desktop/onetool/node_modules/.staging/spiced-pg-56ab2987/node_modules is being purged
313 verbose gentlyRm don't care about contents; nuking /mnt/c/Users/Maja/Desktop/onetool/node_modules/.staging/spiced-pg-56ab2987/node_modules
314 silly gunzTarPerm extractEntry lib/adapters/README.md
315 silly gunzTarPerm modified mode [ 'lib/adapters/README.md', 420, 438 ]
316 silly gunzTarPerm extractEntry lib/adapters/xhr.js
317 silly gunzTarPerm modified mode [ 'lib/adapters/xhr.js', 420, 438 ]
318 silly gunzTarPerm extractEntry lib/axios.js
319 silly gunzTarPerm modified mode [ 'lib/axios.js', 420, 438 ]
320 silly gunzTarPerm extractEntry lib/cancel/Cancel.js
321 silly gunzTarPerm modified mode [ 'lib/cancel/Cancel.js', 420, 438 ]
322 silly gunzTarPerm extractEntry lib/cancel/CancelToken.js
323 silly gunzTarPerm modified mode [ 'lib/cancel/CancelToken.js', 420, 438 ]
324 silly gunzTarPerm extractEntry lib/cancel/isCancel.js
325 silly gunzTarPerm modified mode [ 'lib/cancel/isCancel.js', 420, 438 ]
326 silly gunzTarPerm extractEntry lib/core/Axios.js
327 silly gunzTarPerm modified mode [ 'lib/core/Axios.js', 420, 438 ]
328 silly gunzTarPerm extractEntry lib/core/createError.js
329 silly gunzTarPerm modified mode [ 'lib/core/createError.js', 420, 438 ]
330 silly gunzTarPerm extractEntry lib/core/dispatchRequest.js
331 silly gunzTarPerm modified mode [ 'lib/core/dispatchRequest.js', 420, 438 ]
332 silly gunzTarPerm extractEntry lib/core/enhanceError.js
333 silly gunzTarPerm modified mode [ 'lib/core/enhanceError.js', 420, 438 ]
334 silly gunzTarPerm extractEntry lib/core/InterceptorManager.js
335 silly gunzTarPerm modified mode [ 'lib/core/InterceptorManager.js', 420, 438 ]
336 silly gunzTarPerm extractEntry lib/core/mergeConfig.js
337 silly gunzTarPerm modified mode [ 'lib/core/mergeConfig.js', 420, 438 ]
338 silly gunzTarPerm extractEntry lib/core/README.md
339 silly gunzTarPerm modified mode [ 'lib/core/README.md', 420, 438 ]
340 silly gunzTarPerm extractEntry lib/core/settle.js
341 silly gunzTarPerm modified mode [ 'lib/core/settle.js', 420, 438 ]
342 silly gunzTarPerm extractEntry lib/core/transformData.js
343 silly gunzTarPerm modified mode [ 'lib/core/transformData.js', 420, 438 ]
344 silly gunzTarPerm extractEntry lib/defaults.js
345 silly gunzTarPerm modified mode [ 'lib/defaults.js', 420, 438 ]
346 silly gunzTarPerm extractEntry lib/helpers/bind.js
347 silly gunzTarPerm modified mode [ 'lib/helpers/bind.js', 420, 438 ]
348 silly gunzTarPerm extractEntry lib/helpers/buildURL.js
349 silly gunzTarPerm modified mode [ 'lib/helpers/buildURL.js', 420, 438 ]
350 silly gunzTarPerm extractEntry lib/helpers/combineURLs.js
351 silly gunzTarPerm modified mode [ 'lib/helpers/combineURLs.js', 420, 438 ]
352 silly gunzTarPerm extractEntry lib/helpers/cookies.js
353 silly gunzTarPerm modified mode [ 'lib/helpers/cookies.js', 420, 438 ]
354 silly gunzTarPerm extractEntry lib/helpers/deprecatedMethod.js
355 silly gunzTarPerm modified mode [ 'lib/helpers/deprecatedMethod.js', 420, 438 ]
356 silly gunzTarPerm extractEntry lib/helpers/isAbsoluteURL.js
357 silly gunzTarPerm modified mode [ 'lib/helpers/isAbsoluteURL.js', 420, 438 ]
358 silly gentlyRm /mnt/c/Users/Maja/Desktop/onetool/node_modules/.staging/body-parser-c36fc073/node_modules is being purged
359 verbose gentlyRm don't care about contents; nuking /mnt/c/Users/Maja/Desktop/onetool/node_modules/.staging/body-parser-c36fc073/node_modules
360 silly gunzTarPerm extractEntry lib/helpers/isURLSameOrigin.js
361 silly gunzTarPerm modified mode [ 'lib/helpers/isURLSameOrigin.js', 420, 438 ]
362 silly gunzTarPerm extractEntry lib/helpers/normalizeHeaderName.js
363 silly gunzTarPerm modified mode [ 'lib/helpers/normalizeHeaderName.js', 420, 438 ]
364 silly gunzTarPerm extractEntry lib/helpers/parseHeaders.js
365 silly gunzTarPerm modified mode [ 'lib/helpers/parseHeaders.js', 420, 438 ]
366 silly gunzTarPerm extractEntry lib/helpers/README.md
367 silly gunzTarPerm modified mode [ 'lib/helpers/README.md', 420, 438 ]
368 silly gunzTarPerm extractEntry lib/helpers/spread.js
369 silly gunzTarPerm modified mode [ 'lib/helpers/spread.js', 420, 438 ]
370 silly gunzTarPerm extractEntry lib/utils.js
371 silly gunzTarPerm modified mode [ 'lib/utils.js', 420, 438 ]
372 silly gentlyRm /mnt/c/Users/Maja/Desktop/onetool/node_modules/.staging/express-5cf4c574/node_modules is being purged
373 verbose gentlyRm don't care about contents; nuking /mnt/c/Users/Maja/Desktop/onetool/node_modules/.staging/express-5cf4c574/node_modules
374 silly gentlyRm /mnt/c/Users/Maja/Desktop/onetool/node_modules/.staging/axios-a8045839/node_modules is being purged
375 verbose gentlyRm don't care about contents; nuking /mnt/c/Users/Maja/Desktop/onetool/node_modules/.staging/axios-a8045839/node_modules
376 silly doParallel preinstall 6
377 silly preinstall body-parser@1.19.0 /mnt/c/Users/Maja/Desktop/onetool/node_modules/.staging/body-parser-c36fc073
378 info lifecycle body-parser@1.19.0~preinstall: body-parser@1.19.0
379 silly preinstall node-bin-setup@1.0.6 /mnt/c/Users/Maja/Desktop/onetool/node_modules/.staging/node-bin-setup-0734e26d
380 info lifecycle node-bin-setup@1.0.6~preinstall: node-bin-setup@1.0.6
381 silly preinstall axios@0.19.0 /mnt/c/Users/Maja/Desktop/onetool/node_modules/.staging/axios-a8045839
382 info lifecycle axios@0.19.0~preinstall: axios@0.19.0
383 silly preinstall express@4.17.1 /mnt/c/Users/Maja/Desktop/onetool/node_modules/.staging/express-5cf4c574
384 info lifecycle express@4.17.1~preinstall: express@4.17.1
385 silly preinstall node@12.10.0 /mnt/c/Users/Maja/Desktop/onetool/node_modules/.staging/node-9d6b48c8
386 info lifecycle node@12.10.0~preinstall: node@12.10.0
387 silly preinstall spiced-pg@1.0.0 /mnt/c/Users/Maja/Desktop/onetool/node_modules/.staging/spiced-pg-56ab2987
388 info lifecycle spiced-pg@1.0.0~preinstall: spiced-pg@1.0.0
389 silly lifecycle body-parser@1.19.0~preinstall: no script for preinstall, continuing
390 silly lifecycle node-bin-setup@1.0.6~preinstall: no script for preinstall, continuing
391 silly lifecycle axios@0.19.0~preinstall: no script for preinstall, continuing
392 silly lifecycle express@4.17.1~preinstall: no script for preinstall, continuing
393 verbose lifecycle node@12.10.0~preinstall: unsafe-perm in lifecycle true
394 verbose lifecycle node@12.10.0~preinstall: PATH: /usr/share/npm/bin/node-gyp-bin:/mnt/c/Users/Maja/Desktop/onetool/node_modules/.staging/node-9d6b48c8/node_modules/.bin:/mnt/c/Users/Maja/Desktop/onetool/node_modules/.bin:/usr/local/sbin:/usr/local/bin:/usr/sbin:/usr/bin:/sbin:/bin:/usr/games:/usr/local/games:/mnt/c/WINDOWS/system32:/mnt/c/WINDOWS:/mnt/c/WINDOWS/System32/Wbem:/mnt/c/WINDOWS/System32/WindowsPowerShell/v1.0/:/mnt/c/WINDOWS/System32/OpenSSH/:/mnt/c/Program Files/Git/cmd:/mnt/c/Program Files/nodejs/:/mnt/c/Users/Maja/AppData/Local/Microsoft/WindowsApps:/mnt/c/Users/Maja/AppData/Local/atom/bin:/mnt/c/Users/Maja/AppData/Roaming/npm:/mnt/c/Users/Maja/AppData/Local/GitHubDesktop/bin:/mnt/c/Users/Maja/AppData/Local/Microsoft/WindowsApps:/snap/bin:/mnt/c/Users/Maja/Desktop/redis-4.0.11
395 verbose lifecycle node@12.10.0~preinstall: CWD: /mnt/c/Users/Maja/Desktop/onetool/node_modules/.staging/node-9d6b48c8
396 silly lifecycle node@12.10.0~preinstall: Args: [ '-c', 'node installArchSpecificPackage' ]
397 silly lifecycle spiced-pg@1.0.0~preinstall: no script for preinstall, continuing
398 silly lifecycle node@12.10.0~preinstall: Returned: code: 1  signal: null
399 info lifecycle node@12.10.0~preinstall: Failed to exec preinstall script
400 verbose unlock done using /home/maja_maksic/.npm/_locks/staging-dbd4125327963a3e.lock for /mnt/c/Users/Maja/Desktop/onetool/node_modules/.staging
401 silly rollbackFailedOptional Starting
402 silly rollbackFailedOptional Finishing
403 silly runTopLevelLifecycles Starting
404 silly runTopLevelLifecycles Finishing
405 silly install printInstalled
406 warn onetool@1.0.0 No description
407 warn onetool@1.0.0 No repository field.
408 verbose stack Error: node@12.10.0 preinstall: `node installArchSpecificPackage`
408 verbose stack Exit status 1
408 verbose stack     at EventEmitter.<anonymous> (/usr/share/npm/lib/utils/lifecycle.js:232:16)
408 verbose stack     at emitTwo (events.js:126:13)
408 verbose stack     at EventEmitter.emit (events.js:214:7)
408 verbose stack     at ChildProcess.<anonymous> (/usr/share/npm/lib/utils/spawn.js:24:14)
408 verbose stack     at emitTwo (events.js:126:13)
408 verbose stack     at ChildProcess.emit (events.js:214:7)
408 verbose stack     at maybeClose (internal/child_process.js:925:16)
408 verbose stack     at Process.ChildProcess._handle.onexit (internal/child_process.js:209:5)
409 verbose pkgid node@12.10.0
410 verbose cwd /mnt/c/Users/Maja/Desktop/onetool
411 error Linux 4.4.0-18362-Microsoft
412 error argv "/usr/bin/node" "/usr/bin/npm" "i"
413 error node v8.10.0
414 error npm  v3.5.2
415 error code ELIFECYCLE
416 error node@12.10.0 preinstall: `node installArchSpecificPackage`
416 error Exit status 1
417 error Failed at the node@12.10.0 preinstall script 'node installArchSpecificPackage'.
417 error Make sure you have the latest version of node.js and npm installed.
417 error If you do, this is most likely a problem with the node package,
417 error not with npm itself.
417 error Tell the author that this fails on your system:
417 error     node installArchSpecificPackage
417 error You can get information on how to open an issue for this project with:
417 error     npm bugs node
417 error Or if that isn't available, you can get their info via:
417 error     npm owner ls node
417 error There is likely additional logging output above.
418 verbose exit [ 1, true ]
